{
  "timestamp": "2025-02-12 15:12:38.573592",
  "device_info": {
    "serial_number": "AFEANU4wUAYgNDlF",
    "model": "0",
    "git_hash": "2af62ba720e0b04ae736a4bc1c8a28d65383d919",
    "git_dirty": false,
    "git_timestamp": 1731592431,
    "uuid": "fa419cbb-ee71-442c-897f-7a6237318c73"
  },
  "calibration": {
    "invert": false,
    "phase_invert": true,
    "poles": 10,
    "offset": [
      1.6513730132317004,
      1.631561799179845,
      1.5376440550692754,
      1.7503155389784655,
      1.8229103035826393,
      1.6395749402375228,
      1.5752971311455997,
      1.910705068403597,
      1.9319641139931754,
      1.6775091001812896,
      1.6470848530712499,
      1.4030254621421556,
      1.7581229308820812,
      1.7879792149543268,
      1.7608188153465307,
      1.503021547318047,
      1.741200604908241,
      1.751238032310826,
      1.7999097873039382,
      1.8373020824959292,
      2.000726966306595,
      1.835249176006052,
      1.780758351726141,
      1.6513129451393551,
      1.6653477467115034,
      1.9200439667026326,
      1.6360514780003799,
      1.6395173467586928,
      1.5415547861937597,
      1.8370998082229788,
      1.766504641136037,
      1.6290376924459609,
      1.6974752794570223,
      1.928863390422898,
      1.7412354574593651,
      1.6712965811010128,
      1.5441960023597259,
      1.5280551357863932,
      1.787284118781106,
      1.6243583986145584,
      1.668994520948016,
      1.4621847716563061,
      1.939632229907629,
      1.6057552719712365,
      1.7010893003942762,
      1.8843063491939915,
      2.0219961352843776,
      1.725776934320218,
      1.6066932255010298,
      1.496027496367317,
      1.9203743080497435,
      1.7980919249018088,
      1.7653337536872937,
      1.6541497116243657,
      1.5772250334609577,
      1.8691874650055538,
      1.7917900489543086,
      1.7726807280149843,
      1.9214469387185193,
      1.986995900290573,
      1.6140739915769073,
      1.7689937602404082,
      1.4589182807675378,
      1.9027127278563376
    ],
    "fit_metric": 83.53624465779897
  },
  "winding_resistance": 0.021627919435572598,
  "inductance": 3.7386663164687333e-06,
  "pid_dq_kp": 0.009396293307233428,
  "pid_dq_ki": 54.35689024898142,
  "torque_bw_hz": 400.0,
  "encoder_filter_bw_hz": 400.0,
  "encoder_filter_kp": 5026.548245743669,
  "encoder_filter_ki": 6316546.81669719,
  "v_per_hz": 0.02479895658497298,
  "kv": 1209.728316480001,
  "unwrapped_position_scale": 1.0,
  "motor_position_output_sign": 1.0
}
