{
  "timestamp": "2025-02-12 10:41:32.114189",
  "device_info": {
    "serial_number": "AFEANU4wUAYgNDlF",
    "model": "0",
    "git_hash": "863c597794066fa77c94828c0d2eb49614d5ebb0",
    "git_dirty": false,
    "git_timestamp": 1718648350,
    "uuid": "fa419cbb-ee71-442c-897f-7a6237318c73"
  },
  "calibration": {
    "invert": false,
    "phase_invert": true,
    "poles": 10,
    "offset": [
      1.7757985051454894,
      1.5999565016489075,
      1.6796119372195624,
      1.6690515430347472,
      1.6668851808127234,
      1.7350711713629021,
      1.5565324267264542,
      1.87747496144796,
      1.9053301256629263,
      1.6455537295788296,
      1.51286323208939,
      1.4013462142769282,
      1.813403497208922,
      1.811286723192855,
      1.7907806887516529,
      1.594287833946989,
      1.6031910544231636,
      1.7144608231696923,
      1.7983698355063684,
      1.840424715316361,
      1.9826465549468362,
      1.8086075600987537,
      1.575185990913605,
      1.5770231170432374,
      1.7660875243216,
      1.9260606138194416,
      1.7343551612404169,
      1.6435797632229434,
      1.5633397025979376,
      1.7419635485694176,
      1.799151537457641,
      1.7010930501395327,
      1.7025907441281012,
      1.816265399850696,
      1.775933775344853,
      1.6651791289369275,
      1.5027343495940082,
      1.5682839016223706,
      1.78066581087612,
      1.7194060635993265,
      1.7079339105430489,
      1.5738266357749606,
      1.6843462595250704,
      1.6432030600207645,
      1.6669477961817767,
      1.933752097009404,
      2.026238339548521,
      1.6396391821338294,
      1.5685051897725568,
      1.4621501579524778,
      1.9180001166809597,
      1.8638976190603096,
      1.7956834127975876,
      1.6689999000827118,
      1.5500206681310593,
      1.8175422911647443,
      1.8710402257092607,
      1.729792816617989,
      1.9008647626900688,
      1.8134572682865906,
      1.6259659123752792,
      1.752182449228022,
      1.5223362528323636,
      1.8475037368532539
    ],
    "fit_metric": 32.59887887024799
  },
  "winding_resistance": 0.02132249521217454,
  "inductance": 3.5774916476698637e-06,
  "pid_dq_kp": 0.008991217182878791,
  "pid_dq_ki": 53.58927545181686,
  "torque_bw_hz": 400.0,
  "encoder_filter_bw_hz": 400.0,
  "encoder_filter_kp": 5026.548245743669,
  "encoder_filter_ki": 6316546.81669719,
  "v_per_hz": 0.029258966434082122,
  "kv": 1025.3267171137902,
  "unwrapped_position_scale": 1.0,
  "motor_position_output_sign": 1.0
}
