{
  "timestamp": "2025-02-17 14:25:28.380393",
  "device_info": {
    "serial_number": "AC8ARk4wUAUgNDlF",
    "model": "0",
    "git_hash": "863c597794066fa77c94828c0d2eb49614d5ebb0",
    "git_dirty": false,
    "git_timestamp": 1718648350,
    "uuid": "09640285-cd44-4a73-8780-d86128071d83"
  },
  "calibration": {
    "invert": false,
    "phase_invert": false,
    "poles": 20,
    "offset": [
      -0.8704288815581104,
      -0.6769015466936638,
      -0.5108784168089388,
      -0.3487771324481121,
      -0.23094711253301148,
      -0.11289430866720118,
      -0.051815247734057296,
      -0.002584081324750219,
      -0.0026609879354647856,
      -0.022887775178419185,
      -0.09841411835895424,
      -0.19906693327774783,
      -0.3366013101848432,
      -0.5054158507399992,
      -0.6697441283525066,
      -0.85263751395582,
      -1.0194675410421772,
      -1.1768111327161987,
      -1.334282530011535,
      -1.470927390080018,
      -1.619298170200834,
      -1.7373850477191117,
      -1.823209524055289,
      -1.8610901432324105,
      -1.8369200090134297,
      -1.7724243550434924,
      -1.6525522773216033,
      -1.506127368393637,
      -1.3271978283960344,
      -1.1352913671720697,
      -0.9441796986680512,
      -0.7595781818422804,
      -0.5966030884198914,
      -0.43490917138711255,
      -0.31273732921525965,
      -0.207887857583821,
      -0.19239397772622838,
      -0.22203827741329205,
      -0.33045800667385483,
      -0.45780097039654355,
      -0.6032587059610254,
      -0.7678939331057442,
      -0.9390797372593936,
      -1.1401968322303149,
      -1.3484104935912828,
      -1.5625732140076756,
      -1.7939844659295194,
      -2.011001423915643,
      -2.215361076302747,
      -2.3851264637244163,
      -2.5021312681318024,
      -2.5904208971186824,
      -2.610697673819987,
      -2.5927306948659976,
      -2.518829182695332,
      -2.425291048997117,
      -2.294021821215493,
      -2.143425867798953,
      -1.9558608236643364,
      -1.7692266343535168,
      -1.5796412584451587,
      -1.4139731052193047,
      -1.240856460281903,
      -1.0628362116139096
    ],
    "fit_metric": 7.926609491591748
  },
  "winding_resistance": 2.6683090203476993,
  "inductance": 0.005190486966721158,
  "pid_dq_kp": 3.261279144640952,
  "pid_dq_ki": 1676.5480031663421,
  "torque_bw_hz": 100.0,
  "encoder_filter_bw_hz": 100.0,
  "encoder_filter_kp": 1256.6370614359173,
  "encoder_filter_ki": 394784.17604357435,
  "v_per_hz": 6.313607076137001,
  "kv": 4.751641912178607,
  "unwrapped_position_scale": 1.0,
  "motor_position_output_sign": 1.0
}
